C51 COMPILER V9.54   INDIVIDUALKEY                                                         09/26/2023 10:57:20 PAGE 1   


C51 COMPILER V9.54, COMPILATION OF MODULE INDIVIDUALKEY
OBJECT MODULE PLACED IN .\Objects\IndividualKey.obj
COMPILER INVOKED BY: D:\MyProgramFile\Keil_C51\C51\BIN\C51.EXE IndividualKey.c OPTIMIZE(8,SPEED) BROWSE DEBUG OBJECTEXTE
                    -ND PRINT(.\Listings\IndividualKey.lst) TABS(2) OBJECT(.\Objects\IndividualKey.obj)

line level    source

   1          #include <REGX52.H>
   2          #include "Delay.h"
   3          #include "QXa51.h"
   4          
   5          unsigned int scanIndividualKey(){
   6   1        unsigned int IndividualKeyType=0;
   7   1        
   8   1        if(key_s2==0){DelayMs(20);while(key_s2==0);DelayMs(20); IndividualKeyType=2;}
   9   1      //  if(key_s3==0){DelayMs(20);while(key_s3==0);DelayMs(20); IndividualKeyType=3;}
  10   1      //  if(key_s4==0){DelayMs(20);while(key_s4==0);DelayMs(20); IndividualKeyType=4;}
  11   1      //  if(key_s5==0){DelayMs(20);while(key_s5==0);DelayMs(20); IndividualKeyType=5;}
  12   1        
  13   1        return IndividualKeyType;
  14   1      }


MODULE INFORMATION:   STATIC OVERLAYABLE
   CODE SIZE        =     35    ----
   CONSTANT SIZE    =   ----    ----
   XDATA SIZE       =   ----    ----
   PDATA SIZE       =   ----    ----
   DATA SIZE        =   ----       2
   IDATA SIZE       =   ----    ----
   BIT SIZE         =   ----    ----
END OF MODULE INFORMATION.


C51 COMPILATION COMPLETE.  0 WARNING(S),  0 ERROR(S)
