C51 COMPILER V9.54   MAIN                                                                  09/26/2023 10:57:20 PAGE 1   


C51 COMPILER V9.54, COMPILATION OF MODULE MAIN
OBJECT MODULE PLACED IN .\Objects\main.obj
COMPILER INVOKED BY: D:\MyProgramFile\Keil_C51\C51\BIN\C51.EXE main.c OPTIMIZE(8,SPEED) BROWSE DEBUG OBJECTEXTEND PRINT(
                    -.\Listings\main.lst) TABS(2) OBJECT(.\Objects\main.obj)

line level    source

   1          #include <REGX52.H>
   2          #include "QXa51.h"
   3          #include "Delay.h"
   4          #include "Timer0.h"
   5          #include "IndividualKey.h"
   6          
   7          unsigned char pwm_left_value=150;//左轮占空比，占空比越高速度越慢。0~170
   8          unsigned char pwm_right_value=150;//右轮占空比，占空比越高速度越慢。0~170
   9          unsigned char pwm_t=0;
  10          
  11          unsigned int KeyType=0;
  12          
  13          
  14          void forward(){
  15   1        left_motor_go;
  16   1        right_motor_go;
  17   1      }
  18          
  19          void left_hand()
  20          {
  21   1        left_motor_stop; 
  22   1        right_motor_go;
  23   1      }
  24          
  25          void right_hand()
  26          {
  27   1        right_motor_stop;
  28   1        left_motor_go;    
  29   1      }
  30          
  31          void backward()
  32          {
  33   1        right_motor_back;
  34   1        left_motor_back;    
  35   1      }
  36          
  37          void Timer0_Rountine(void) interrupt 1{
  38   1      
  39   1        pwm_t++;
  40   1        
  41   1        //最大占空比设置为256
  42   1        if(pwm_t==255){
  43   2          pwm_t=EN1=EN2=0;
  44   2        }
  45   1        
  46   1        if(pwm_t==pwm_left_value){
  47   2          EN1=1;
  48   2        }
  49   1        
  50   1        if(pwm_t==pwm_right_value){
  51   2          EN2=1;
  52   2        }
  53   1      }
  54          
C51 COMPILER V9.54   MAIN                                                                  09/26/2023 10:57:20 PAGE 2   

  55          
  56          
  57          void main(){
  58   1        
  59   1        while(1){
  60   2          KeyType=scanIndividualKey();
  61   2          if(KeyType==2){
  62   3            beep=0;
  63   3            DelayMs(200);
  64   3            beep=1;
  65   3            break;
  66   3          }
  67   2        }
  68   1        
  69   1        DelayMs(1000);
  70   1        Timer0Init();
  71   1        while(1){
  72   2          
  73   2          if(left_track_led==1&&right_track_led==1){
  74   3            forward();
  75   3          }
  76   2          else{
  77   3            if(left_track_led==1&&right_track_led==0){
  78   4              left_hand();
  79   4            }
  80   3            if(left_track_led==0&&right_track_led==1){
  81   4              right_hand();
  82   4            }
  83   3            if(left_track_led==0&&right_track_led==0){
  84   4              backward();
  85   4            }
  86   3          }
  87   2        }
  88   1        
  89   1      }


MODULE INFORMATION:   STATIC OVERLAYABLE
   CODE SIZE        =    144    ----
   CONSTANT SIZE    =   ----    ----
   XDATA SIZE       =   ----    ----
   PDATA SIZE       =   ----    ----
   DATA SIZE        =      5    ----
   IDATA SIZE       =   ----    ----
   BIT SIZE         =   ----    ----
END OF MODULE INFORMATION.


C51 COMPILATION COMPLETE.  0 WARNING(S),  0 ERROR(S)
