C51 COMPILER V9.54   TIMER0                                                                09/26/2023 10:57:20 PAGE 1   


C51 COMPILER V9.54, COMPILATION OF MODULE TIMER0
OBJECT MODULE PLACED IN .\Objects\Timer0.obj
COMPILER INVOKED BY: D:\MyProgramFile\Keil_C51\C51\BIN\C51.EXE Timer0.c OPTIMIZE(8,SPEED) BROWSE DEBUG OBJECTEXTEND PRIN
                    -T(.\Listings\Timer0.lst) TABS(2) OBJECT(.\Objects\Timer0.obj)

line level    source

   1          #include <REGX52.H>
   2          
   3          
   4          
   5          void Timer0Init(){
   6   1        
   7   1        TMOD &= 0xF0;   
   8   1        TMOD |= 0x02;   
   9   1        //启动8位重装模式
  10   1        
  11   1        TL0 = 220;    
  12   1        TH0 = 220;    
  13   1        //目标是设定频率为100HZ，占空比最大值为256
  14   1        //经过计算后得出，需要定时器计数36次后溢出
  15   1        //也就是说，定时器每次的溢出时间为一份，一共256份为一组，一组的时间总和
             -0.01ms，即频率100HZ 
  16   1        
  17   1        TF0 = 0;    
  18   1        TR0 = 1;    
  19   1        
  20   1        ET0=1;
  21   1        EA=1;
  22   1        
  23   1        PT0=0;
  24   1      }
  25          
  26          


MODULE INFORMATION:   STATIC OVERLAYABLE
   CODE SIZE        =     23    ----
   CONSTANT SIZE    =   ----    ----
   XDATA SIZE       =   ----    ----
   PDATA SIZE       =   ----    ----
   DATA SIZE        =   ----    ----
   IDATA SIZE       =   ----    ----
   BIT SIZE         =   ----    ----
END OF MODULE INFORMATION.


C51 COMPILATION COMPLETE.  0 WARNING(S),  0 ERROR(S)
